<?xml version="1.0" encoding="UTF-8"?>
<robot generator="Robot 5.0.1 (Python 3.10.5 on win32)" generated="20220727 00:41:53.079" rpa="false" schemaversion="3">
<suite id="s1" name="Teste" source="C:\adb\robot\teste.robot">
<test id="s1-t1" name="Vai mostrar msg" line="6">
<kw name="Teste" library="app">
<var>${result}</var>
<arg>asdsad</arg>
<msg timestamp="20220727 00:41:53.129" level="INFO">${result} = Olá asdsad tudo bem</msg>
<status status="PASS" starttime="20220727 00:41:53.129" endtime="20220727 00:41:53.130"/>
</kw>
<kw name="Log To Console" library="BuiltIn">
<arg>${result}</arg>
<doc>Logs the given message to the console.</doc>
<status status="PASS" starttime="20220727 00:41:53.130" endtime="20220727 00:41:53.131"/>
</kw>
<kw name="Should Be Equal" library="BuiltIn">
<arg>${result}</arg>
<arg>Olá</arg>
<doc>Fails if the given objects are unequal.</doc>
<msg timestamp="20220727 00:41:53.134" level="FAIL">Olá asdsad tudo bem != Olá</msg>
<status status="FAIL" starttime="20220727 00:41:53.132" endtime="20220727 00:41:53.134"/>
</kw>
<status status="FAIL" starttime="20220727 00:41:53.127" endtime="20220727 00:41:53.136">Olá asdsad tudo bem != Olá</status>
</test>
<status status="FAIL" starttime="20220727 00:41:53.082" endtime="20220727 00:41:53.141"/>
</suite>
<statistics>
<total>
<stat pass="0" fail="1" skip="0">All Tests</stat>
</total>
<tag>
</tag>
<suite>
<stat pass="0" fail="1" skip="0" id="s1" name="Teste">Teste</stat>
</suite>
</statistics>
<errors>
</errors>
</robot>
